WorkByDay Activity Record
Version: 1.0
Author: Justin Reina
Published: 01/02/3

(01:02:3) Log file was created
(01:02:3) Beginning search query for WorkByDay -


//***********************************************************************************************//
WorkByDay Activity Record
Version: 1.0
Author: Justin Reina
Published: : 01/02/3
(01:02:3) Log file was created
(01:02:3) Beginning search query for WorkByDay -


//***********************************************************************************************//
WorkByDay Activity Record
Version: 1.0
Author: Justin Reina
Published: : 04/17/2020
(01:02:3) Log file was created
(01:02:3) Beginning search query for WorkByDay -


//***********************************************************************************************//
WorkByDay Activity Record
Version: 1.0
Author: Justin Reina
Published: : 04/17/2020
(01:02:3) Log file was created
(01:02:3) Beginning search query for WorkByDay -


//***********************************************************************************************//
WorkByDay Activity Record
Version: 1.0
Author: Justin Reina
Published: : 04/17/2020
(20:17:0229) Log file was created
(20:17:0229) Beginning search query for WorkByDay -


//***********************************************************************************************//
WorkByDay Activity Record
Version: 1.0
Author: Justin Reina
Published: : 04/17/2020
(20:17:45) Log file was created
(20:17:45) Beginning search query for WorkByDay -


//***********************************************************************************************//
WorkByDay Activity Record
Version: 1.0
Author: Justin Reina
Published: : 04/17/2020
08:22:22PM: Log file was created
08:22:22PM: Beginning search query for WorkByDay -


//***********************************************************************************************//
WorkByDay Activity Record
Version: 1.0
Author: Justin Reina
Published: : 04/17/2020
08:22:35 PM - Log file was created
08:22:35 PM - Beginning search query for WorkByDay -


//***********************************************************************************************//
WorkByDay Activity Record
Version: 1.0
Author: Justin Reina
Published: : 04/17/2020
08:22:43 PM: Log file was created
08:22:43 PM: Beginning search query for WorkByDay -


//***********************************************************************************************//
WorkByDay Activity Record
Version: 1.0
Author: Justin Reina
Published: : 04/17/2020
09:05:46 PM: Log file was created
09:05:46 PM: Beginning search query for WorkByDay -


//***********************************************************************************************//
WorkByDay Activity Record
Version: 1.0
Author: Justin Reina
Published: : 04/17/2020
09:06:03 PM: Log file was created
09:06:03 PM: Beginning search query for WorkByDay -


//***********************************************************************************************//
WorkByDay Activity Record
Version: 1.0
Author: Justin Reina
Published: : 04/17/2020
09:06:05 PM: Log file was created
09:06:05 PM: Beginning search query for WorkByDay -


//***********************************************************************************************//
WorkByDay Activity Record
Version: 1.0
Author: Justin Reina
Published: : 04/17/2020
09:06:06 PM: Log file was created
09:06:06 PM: Beginning search query for WorkByDay -


//***********************************************************************************************//
WorkByDay Activity Record
Version: 1.0
Author: Justin Reina
Published: : 04/17/2020
09:06:37 PM: Log file was created
09:06:37 PM: Beginning search query for WorkByDay -


//***********************************************************************************************//
WorkByDay Activity Record
Version: 1.0
Author: Justin Reina
Published: : 04/17/2020
09:07:08 PM: Log file was created
09:07:08 PM: Beginning search query for WorkByDay -


//***********************************************************************************************//
WorkByDay Activity Record
Version: 1.0
Author: Justin Reina
Published: : 04/17/2020
09:07:10 PM: Log file was created
09:07:10 PM: Beginning search query for WorkByDay -


//***********************************************************************************************//
WorkByDay Activity Record
Version: 1.0
Author: Justin Reina
Published: : 04/17/2020
09:08:03 PM: Log file was created
09:08:03 PM: Beginning search query for WorkByDay -


//***********************************************************************************************//
WorkByDay Activity Record
Version: 1.0
Author: Justin Reina
Published: : 04/17/2020
09:08:05 PM: Log file was created
09:08:05 PM: Beginning search query for WorkByDay -


//***********************************************************************************************//
WorkByDay Activity Record
Version: 1.0
Author: Justin Reina
Published: : 04/17/2020
09:12:19 PM: Log file was created
09:12:19 PM: dir: D:\Documents\MyWorkspaces\Eclipse\CDT\WBD_Cpp\data\TestDirs
09:12:19 PM: Beginning search query for WorkByDay -


//******************** WBD DIR CHECK ********************



//***********************************************************************************************//
WorkByDay Activity Record
Version: 1.0
Author: Justin Reina
Published: : 04/17/2020
09:12:27 PM: Log file was created
09:12:27 PM: dir: D:\Documents\MyWorkspaces\Eclipse\CDT\WBD_Cpp\data\TestDirs
09:12:27 PM: Beginning search query for WorkByDay -


//******************** WBD DIR CHECK ********************



//***********************************************************************************************//
WorkByDay Activity Record
Version: 1.0
Author: Justin Reina
Published: : 04/17/2020
09:13:02 PM: Log file was created
09:13:02 PM: dir: D:\Documents\MyWorkspaces\Eclipse\CDT\WBD_Cpp\data\TestDirs
09:13:02 PM: Beginning search query for WorkByDay -


//******************** WBD DIR CHECK ********************//



//***********************************************************************************************//
WorkByDay Activity Record
Version: 1.0
Author: Justin Reina
Published: : 04/17/2020
09:13:44 PM: Log file was created
09:13:44 PM: dir: D:\Documents\MyWorkspaces\Eclipse\CDT\WBD_Cpp\data\TestDirs
09:13:44 PM: Beginning search query for WorkByDay -


//******************** WBD DIR CHECK ********************//



//***********************************************************************************************//
WorkByDay Activity Record
Version: 1.0
Author: Justin Reina
Published: : 04/17/2020
10:16:43 PM: Log file was created
10:16:43 PM: dir: D:\Documents\MyWorkspaces\Eclipse\CDT\WBD_Cpp\data\TestDirs
10:16:43 PM: Beginning search query for WorkByDay -


//******************** WBD DIR CHECK ********************//



//******************** NODES ********************//

10:16:43 PM: Hello 6684432: StringOne
10:16:43 PM: next is: 202980
10:16:43 PM: Hello 6684432: StringTwo
10:16:43 PM: next is: 203004
10:16:43 PM: Hello 6684432: StringThree
10:16:43 PM: next is: 203108


//***********************************************************************************************//
WorkByDay Activity Record
Version: 1.0
Author: Justin Reina
Published: : 04/17/2020
10:18:35 PM: Log file was created
10:18:35 PM: dir: D:\Documents\MyWorkspaces\Eclipse\CDT\WBD_Cpp\data\TestDirs
10:18:35 PM: Beginning search query for WorkByDay -


//******************** WBD DIR CHECK ********************//



//******************** NODES ********************//

10:18:35 PM: Hello 6684432: StringOne
10:18:35 PM: next is: 2037988
10:18:35 PM: Hello 6684432: StringTwo
10:18:35 PM: next is: 2038012
10:18:35 PM: Hello 6684432: StringThree
10:18:35 PM: next is: 2038116


//***********************************************************************************************//
WorkByDay Activity Record
Version: 1.0
Author: Justin Reina
Published: : 04/17/2020
10:20:28 PM: Log file was created
10:20:28 PM: dir: D:\Documents\MyWorkspaces\Eclipse\CDT\WBD_Cpp\data\TestDirs
10:20:28 PM: Beginning search query for WorkByDay -


//******************** WBD DIR CHECK ********************//

10:20:28 PM: Found 4 dirs


//******************** NODES ********************//

10:20:28 PM: Hello 6684328: StringOne
10:20:28 PM: next is: 16062692
10:20:28 PM: Hello 6684328: StringTwo
10:20:28 PM: next is: 16062716
10:20:28 PM: Hello 6684328: StringThree
10:20:28 PM: next is: 16062820


//***********************************************************************************************//
WorkByDay Activity Record
Version: 1.0
Author: Justin Reina
Published: : 04/17/2020
10:26:23 PM: Log file was created
10:26:23 PM: dir: D:\Documents\MyWorkspaces\Eclipse\CDT\WBD_Cpp\data\TestDirs
10:26:23 PM: Beginning search query for WorkByDay -


//******************** WBD DIR CHECK ********************//



//******************** NODES ********************//

10:26:23 PM: Hello 6684320: StringOne
10:26:23 PM: next is: 16128228
10:26:23 PM: Hello 6684320: StringTwo
10:26:23 PM: next is: 16128252
10:26:23 PM: Hello 6684320: StringThree
10:26:23 PM: next is: 16128356


//***********************************************************************************************//
WorkByDay Activity Record
Version: 1.0
Author: Justin Reina
Published: : 04/17/2020
10:26:29 PM: Log file was created
10:26:29 PM: dir: D:\Documents\MyWorkspaces\Eclipse\CDT\WBD_Cpp\data\TestDirs
10:26:29 PM: Beginning search query for WorkByDay -


//******************** WBD DIR CHECK ********************//



//******************** NODES ********************//

10:26:29 PM: Hello 6684320: StringOne
10:26:29 PM: next is: 7805156
10:26:29 PM: Hello 6684320: StringTwo
10:26:29 PM: next is: 7805180
10:26:29 PM: Hello 6684320: StringThree
10:26:29 PM: next is: 7805284


//***********************************************************************************************//
WorkByDay Activity Record
Version: 1.0
Author: Justin Reina
Published: : 04/17/2020
10:26:37 PM: Log file was created
10:26:37 PM: dir: D:\Documents\MyWorkspaces\Eclipse\CDT\WBD_Cpp\data\TestDirs
10:26:37 PM: Beginning search query for WorkByDay -


//******************** WBD DIR CHECK ********************//



//******************** NODES ********************//

10:26:37 PM: Hello 6684320: StringOne
10:26:37 PM: next is: 16586980
10:26:37 PM: Hello 6684320: StringTwo
10:26:37 PM: next is: 16587004
10:26:37 PM: Hello 6684320: StringThree
10:26:37 PM: next is: 16587108


//***********************************************************************************************//
WorkByDay Activity Record
Version: 1.0
Author: Justin Reina
Published: : 04/17/2020
10:26:47 PM: Log file was created
10:26:47 PM: dir: D:\Documents\MyWorkspaces\Eclipse\CDT\WBD_Cpp\data\TestDirs
10:26:47 PM: Beginning search query for WorkByDay -


//******************** WBD DIR CHECK ********************//



//******************** NODES ********************//

10:26:47 PM: Hello 6684312: StringOne
10:26:47 PM: next is: 12851428
10:26:47 PM: Hello 6684312: StringTwo
10:26:47 PM: next is: 12851452
10:26:47 PM: Hello 6684312: StringThree
10:26:47 PM: next is: 12851556


//***********************************************************************************************//
WorkByDay Activity Record
Version: 1.0
Author: Justin Reina
Published: : 04/17/2020
10:26:56 PM: Log file was created
10:26:56 PM: dir: D:\Documents\MyWorkspaces\Eclipse\CDT\WBD_Cpp\data\TestDirs
10:26:56 PM: Beginning search query for WorkByDay -


//******************** WBD DIR CHECK ********************//



//******************** NODES ********************//

10:26:56 PM: Hello 6684304: StringOne
10:26:56 PM: next is: 16455908
10:26:56 PM: Hello 6684304: StringTwo
10:26:56 PM: next is: 16455932
10:26:56 PM: Hello 6684304: StringThree
10:26:56 PM: next is: 16456036
10:26:59 PM: WBDUpate complete(2/100).  Elapsed time: 3.000000s


//***********************************************************************************************//
WorkByDay Activity Record
Version: 1.0
Author: Justin Reina
Published: : 04/17/2020
10:27:13 PM: Log file was created
10:27:13 PM: dir: D:\Documents\MyWorkspaces\Eclipse\CDT\WBD_Cpp\data\TestDirs
10:27:13 PM: Beginning search query for WorkByDay -


//******************** WBD DIR CHECK ********************//



//******************** NODES ********************//

10:27:13 PM: Hello 6684308: StringOne
10:27:13 PM: next is: 8132836
10:27:13 PM: Hello 6684308: StringTwo
10:27:13 PM: next is: 8132860
10:27:13 PM: Hello 6684308: StringThree
10:27:13 PM: next is: 8132964
10:27:16 PM: WBDUpate complete(2/100).  Elapsed time: 3.000000s


//***********************************************************************************************//
WorkByDay Activity Record
Version: 1.0
Author: Justin Reina
Published: : 04/17/2020
10:27:24 PM: Log file was created
10:27:24 PM: dir: D:\Documents\MyWorkspaces\Eclipse\CDT\WBD_Cpp\data\TestDirs
10:27:24 PM: Beginning search query for WorkByDay -


//******************** WBD DIR CHECK ********************//



//******************** NODES ********************//

10:27:24 PM: Hello 6684408: StringOne
10:27:24 PM: next is: 8329444
10:27:24 PM: Hello 6684408: StringTwo
10:27:24 PM: next is: 8329468
10:27:24 PM: Hello 6684408: StringThree
10:27:24 PM: next is: 8329572
10:27:27 PM: WBDUpate complete(2/100).  Elapsed time: 3.001000s


//***********************************************************************************************//
WorkByDay Activity Record
Version: 1.0
Author: Justin Reina
Published: : 04/17/2020
10:39:28 PM: Log file was created
10:39:28 PM: dir: D:\Documents\MyWorkspaces\Eclipse\CDT\WBD_Cpp\data\TestDirs
10:39:28 PM: Beginning search query for WorkByDay -


//******************** WBD DIR CHECK ********************//



//******************** NODES ********************//

10:39:28 PM: Hello 6684408: StringOne
10:39:28 PM: next is: 15932788
10:39:28 PM: Hello 6684408: StringTwo
10:39:28 PM: next is: 15932812
10:39:28 PM: Hello 6684408: StringThree
10:39:28 PM: next is: 15932836
10:39:31 PM: WBDUpate complete(2/100).  Elapsed time: 3.001000s


//***********************************************************************************************//
WorkByDay Activity Record
Version: 1.0
Author: Justin Reina
Published: : 04/17/2020
10:40:31 PM: Log file was created
10:40:31 PM: dir: D:\Documents\MyWorkspaces\Eclipse\CDT\WBD_Cpp\data\TestDirs
10:40:31 PM: Beginning search query for WorkByDay -


//******************** WBD DIR CHECK ********************//



//******************** NODES ********************//

10:40:31 PM: Hello 6684408: StringOne
10:40:31 PM: next is: 16586980
10:40:31 PM: Hello 6684408: StringTwo
10:40:31 PM: next is: 16587004
10:40:31 PM: Hello 6684408: StringThree
10:40:31 PM: next is: 16587108
10:40:34 PM: WBDUpate complete(2/100).  Elapsed time: 3.001s


//***********************************************************************************************//
WorkByDay Activity Record
Version: 1.0
Author: Justin Reina
Published: : 04/17/2020
10:40:41 PM: Log file was created
10:40:41 PM: dir: D:\Documents\MyWorkspaces\Eclipse\CDT\WBD_Cpp\data\TestDirs
10:40:41 PM: Beginning search query for WorkByDay -


//******************** WBD DIR CHECK ********************//



//******************** NODES ********************//

10:40:41 PM: Hello 6684408: StringOne
10:40:41 PM: next is: 7543012
10:40:41 PM: Hello 6684408: StringTwo
10:40:41 PM: next is: 7543036
10:40:41 PM: Hello 6684408: StringThree
10:40:41 PM: next is: 7543140
10:40:44 PM: WBDUpate complete(2/100).  Elapsed time: 3.001s


//***********************************************************************************************//
WorkByDay Activity Record
Version: 1.0
Author: Justin Reina
Published: : 04/17/2020
10:40:54 PM: Log file was created
10:40:54 PM: dir: D:\Documents\MyWorkspaces\Eclipse\CDT\WBD_Cpp\data\TestDirs
10:40:54 PM: Beginning search query for WorkByDay -


//******************** WBD DIR CHECK ********************//



//******************** NODES ********************//

10:40:54 PM: Hello 6684408: StringOne
10:40:54 PM: next is: 15341796
10:40:54 PM: Hello 6684408: StringTwo
10:40:54 PM: next is: 15341820
10:40:54 PM: Hello 6684408: StringThree
10:40:54 PM: next is: 15341924
10:40:57 PM: WBDUpate complete(2/100).  Elapsed time: 3.00s


//***********************************************************************************************//
WorkByDay Activity Record
Version: 1.0
Author: Justin Reina
Published: : 04/17/2020
10:41:48 PM: Log file was created
10:41:48 PM: dir: D:\Documents\MyWorkspaces\Eclipse\CDT\WBD_Cpp\data\TestDirs
10:41:48 PM: Beginning search query for WorkByDay -


//******************** WBD DIR CHECK ********************//



//******************** NODES ********************//

10:41:48 PM: Hello 6684408: StringOne
10:41:48 PM: next is: 19601636
10:41:48 PM: Hello 6684408: StringTwo
10:41:48 PM: next is: 19601660
10:41:48 PM: Hello 6684408: StringThree
10:41:48 PM: next is: 19601764
10:41:51 PM: WBDUpate complete(2/100).  Elapsed time: 3.00s


//***********************************************************************************************//
WorkByDay Activity Record
Version: 1.0
Author: Justin Reina
Published: : 04/17/2020
10:43:27 PM: Log file was created
10:43:27 PM: dir: D:\Documents\MyWorkspaces\Eclipse\CDT\WBD_Cpp\data\TestDirs
10:43:27 PM: Beginning search query for WorkByDay -


//******************** WBD DIR CHECK ********************//



//******************** NODES ********************//

10:43:27 PM: Hello 6684408: StringOne
10:43:27 PM: next is: 15474164
10:43:27 PM: Hello 6684408: StringTwo
10:43:27 PM: next is: 15473948
10:43:27 PM: Hello 6684408: StringThree
10:43:27 PM: next is: 15473988
10:43:30 PM: WBDUpate complete(2/100).  Elapsed time: 3.00s


//***********************************************************************************************//
WorkByDay Activity Record
Version: 1.0
Author: Justin Reina
Published: : 04/17/2020
10:45:13 PM: Log file was created
10:45:13 PM: dir: D:\Documents\MyWorkspaces\Eclipse\CDT\WBD_Cpp\data\TestDirs
10:45:13 PM: Beginning search query for WorkByDay -


//******************** WBD DIR CHECK ********************//



//******************** NODES ********************//

10:45:13 PM: Hello 6684408: StringOne
10:45:13 PM: next is: 9641460
10:45:13 PM: Hello 6684408: StringTwo
10:45:13 PM: next is: 9640716
10:45:13 PM: Hello 6684408: StringThree
10:45:13 PM: next is: 9640756
10:45:16 PM: WBDUpate complete(2/100).  Elapsed time: 3.00s


//***********************************************************************************************//
WorkByDay Activity Record
Version: 1.0
Author: Justin Reina
Published: : 04/17/2020
10:45:22 PM: Log file was created
10:45:22 PM: dir: D:\Documents\MyWorkspaces\Eclipse\CDT\WBD_Cpp\data\TestDirs
10:45:22 PM: Beginning search query for WorkByDay -


//******************** WBD DIR CHECK ********************//



//******************** NODES ********************//

10:45:22 PM: Hello 6684408: StringOne
10:45:22 PM: next is: 16390372
10:45:22 PM: Hello 6684408: StringTwo
10:45:22 PM: next is: 16390396
10:45:22 PM: Hello 6684408: StringThree
10:45:22 PM: next is: 16391612
10:45:25 PM: WBDUpate complete(2/100).  Elapsed time: 3.00s


//***********************************************************************************************//
WorkByDay Activity Record
Version: 1.0
Author: Justin Reina
Published: : 04/17/2020
10:45:42 PM: Log file was created
10:45:42 PM: dir: D:\Documents\MyWorkspaces\Eclipse\CDT\WBD_Cpp\data\TestDirs
10:45:42 PM: Beginning search query for WorkByDay -


//******************** WBD DIR CHECK ********************//



//******************** NODES ********************//

10:45:42 PM: Hello 6684408: StringOne
10:45:42 PM: next is: 16390372
10:45:42 PM: Hello 6684408: StringTwo
10:45:42 PM: next is: 16390396
10:45:42 PM: Hello 6684408: StringThree
10:45:42 PM: next is: 16391612
10:45:45 PM: WBDUpate complete(2/100).  Elapsed time: 3.00s


//***********************************************************************************************//
WorkByDay Activity Record
Version: 1.0
Author: Justin Reina
Published: : 04/17/2020
10:46:10 PM: Log file was created
10:46:10 PM: dir: D:\Documents\MyWorkspaces\Eclipse\CDT\WBD_Cpp\data\TestDirs
10:46:10 PM: Beginning search query for WorkByDay -


//******************** WBD DIR CHECK ********************//



//******************** NODES ********************//

10:46:10 PM: Hello 6684408: StringOne
10:46:10 PM: next is: 17570020
10:46:10 PM: Hello 6684408: StringTwo
10:46:10 PM: next is: 17570044
10:46:10 PM: Hello 6684408: StringThree
10:46:10 PM: next is: 17571260
10:46:13 PM: WBDUpate complete(2/100).  Elapsed time: 3.00s


//***********************************************************************************************//
WorkByDay Activity Record
Version: 1.0
Author: Justin Reina
Published: : 04/17/2020
10:46:24 PM: Log file was created
10:46:24 PM: dir: D:\Documents\MyWorkspaces\Eclipse\CDT\WBD_Cpp\data\TestDirs
10:46:24 PM: Beginning search query for WorkByDay -


//******************** WBD DIR CHECK ********************//



//******************** NODES ********************//

10:46:24 PM: Hello 6684408: StringOne
10:46:24 PM: next is: 16521444
10:46:24 PM: Hello 6684408: StringTwo
10:46:24 PM: next is: 16521468
10:46:24 PM: Hello 6684408: StringThree
10:46:24 PM: next is: 16522684
10:46:27 PM: WBDUpate complete(2/100).  Elapsed time: 3.00s
